Starting at Thu May  9 02:58:05 PDT 2024

nvc++ -isystem ./googletest-main/googletest/include -O2 -tp=px -gpu=cuda12.3,cc75,sm_75 -cuda --diag_suppress unrecognized_attribute -I./armadillo-12.8.2/include -I./cuda_helper -c main_q1.cu
nvc++ -isystem ./googletest-main/googletest/include -O2 -tp=px -gpu=cuda12.3,cc75,sm_75 -cuda --diag_suppress unrecognized_attribute -I./armadillo-12.8.2/include -I./cuda_helper -c gpu_func.cu 
nvc++ main_q1.o gpu_func.o gtest_main.a gemm_test.o -o main_q1 -gpu=cuda12.3,cc75,sm_75 -cuda -lblas -L/home/cme213/software/nvidia-hpc-sdk/2024_24.1/Linux_x86_64/24.1/math_libs/12.3/targets/x86_64-linux/lib -lcublas
nvc++ main_q2.o gpu_func.o gtest_main.a gemm_test.o -o main_q2 -gpu=cuda12.3,cc75,sm_75 -cuda -lblas -L/home/cme213/software/nvidia-hpc-sdk/2024_24.1/Linux_x86_64/24.1/math_libs/12.3/targets/x86_64-linux/lib -lcublas
nvc++ main_q3.o gpu_func.o gtest_main.a gemm_test.o -o main_q3 -gpu=cuda12.3,cc75,sm_75 -cuda -lblas -L/home/cme213/software/nvidia-hpc-sdk/2024_24.1/Linux_x86_64/24.1/math_libs/12.3/targets/x86_64-linux/lib -lcublas

Output from main_q1
----------------
Running main() from ./googletest-main/googletest/src/gtest_main.cc
[==========] Running 7 tests from 3 test suites.
[----------] Global test environment set-up.
[----------] 1 test from testWarmup
[ RUN      ] testWarmup.deviceWarmup
[       OK ] testWarmup.deviceWarmup (0 ms)
[----------] 1 test from testWarmup (0 ms total)

[----------] 3 tests from basicGEMMRowMajor
[ RUN      ] basicGEMMRowMajor.small
Testing row major basicGEMM

GEMM: M = 37; N = 41; K = 43
Relative Inf error = 0
Average of 10 runs for cublas:	1.26624e-05 seconds
Average of 10 runs for myGEMM:	2.27744e-05 seconds
Reference GEMM is		1.79858 times faster
[       OK ] basicGEMMRowMajor.small (2310 ms)
[ RUN      ] basicGEMMRowMajor.medium
Testing row major basicGEMM

GEMM: M = 599; N = 433; K = 751
Relative Inf error = 0
Average of 10 runs for cublas:	5.86976e-05 seconds
Average of 10 runs for myGEMM:	0.00160483 seconds
Reference GEMM is		27.3406 times faster
[       OK ] basicGEMMRowMajor.medium (33 ms)
[ RUN      ] basicGEMMRowMajor.large
Testing row major basicGEMM

GEMM: M = 7817; N = 7919; K = 6869
Relative Inf error = 0
Average of 10 runs for cublas:	0.054737 seconds
Average of 10 runs for myGEMM:	2.63052 seconds
Reference GEMM is		48.0575 times faster
[       OK ] basicGEMMRowMajor.large (31127 ms)
[----------] 3 tests from basicGEMMRowMajor (33472 ms total)

[----------] 3 tests from basicGEMMColumnMajor
[ RUN      ] basicGEMMColumnMajor.small
Testing column major basicGEMM

GEMM: M = 37; N = 41; K = 43
Relative Inf error = 0
Average of 10 runs for cublas:	1.09056e-05 seconds
Average of 10 runs for myGEMM:	1.29984e-05 seconds
Reference GEMM is		1.1919 times faster
[       OK ] basicGEMMColumnMajor.small (1 ms)
[ RUN      ] basicGEMMColumnMajor.medium
Testing column major basicGEMM

GEMM: M = 599; N = 433; K = 751
Relative Inf error = 0
Average of 10 runs for cublas:	4.56384e-05 seconds
Average of 10 runs for myGEMM:	0.000514426 seconds
Reference GEMM is		11.2718 times faster
[       OK ] basicGEMMColumnMajor.medium (26 ms)
[ RUN      ] basicGEMMColumnMajor.large
Testing column major basicGEMM

GEMM: M = 7817; N = 7919; K = 6869
Relative Inf error = 0
Average of 10 runs for cublas:	0.0558691 seconds
Average of 10 runs for myGEMM:	1.75694 seconds
Reference GEMM is		31.4475 times faster
[       OK ] basicGEMMColumnMajor.large (21534 ms)
[----------] 3 tests from basicGEMMColumnMajor (21562 ms total)

[----------] Global test environment tear-down
[==========] 7 tests from 3 test suites ran. (55034 ms total)
[  PASSED  ] 7 tests.
